<?xml version="1.0" encoding="UTF-8"?>
<testsuite xmlns:xsi="http://www.w3.org/2001/XMLSchema-instance" xsi:noNamespaceSchemaLocation="https://maven.apache.org/surefire/maven-surefire-plugin/xsd/surefire-test-report.xsd" version="3.0.2" name="com.devarun.flyway.FlywayApplicationTests" time="1.595" tests="1" errors="0" skipped="0" failures="0">
  <properties>
[...]
</properties>
  <testcase name="contextLoads" classname="com.devarun.flyway.FlywayApplicationTests" time="0.334">
    <system-out><![CDATA[15:26:08.899 [main] INFO org.springframework.test.context.support.AnnotationConfigContextLoaderUtils -- Could not detect default configuration classes for test class [com.devarun.flyway.FlywayApplicationTests]: FlywayApplicationTests does not declare any static, non-private, non-final, nested classes annotated with @Configuration.
15:26:08.936 [main] INFO org.springframework.boot.test.context.SpringBootTestContextBootstrapper -- Found @SpringBootConfiguration com.devarun.flyway.FlywayApplication for test class com.devarun.flyway.FlywayApplicationTests

  .   ____          _            __ _ _
 /\\ / ___'_ __ _ _(_)_ __  __ _ \ \ \ \
( ( )\___ | '_ | '_| | '_ \/ _` | \ \ \ \
 \\/  ___)| |_)| | | | | || (_| |  ) ) ) )
  '  |____| .__|_| |_|_| |_\__, | / / / /
 =========|_|==============|___/=/_/_/_/

 :: Spring Boot ::                (v3.4.3)

2025-03-02T15:26:09.101-05:00  INFO 69781 --- [flyway] [           main] c.devarun.flyway.FlywayApplicationTests  : Starting FlywayApplicationTests using Java 22.0.2 with PID 69781 (started by arunvaidhyanathan in /Users/arunvaidhyanathan/Developer/flyway)
2025-03-02T15:26:09.102-05:00  INFO 69781 --- [flyway] [           main] c.devarun.flyway.FlywayApplicationTests  : No active profile set, falling back to 1 default profile: "default"
2025-03-02T15:26:09.236-05:00  INFO 69781 --- [flyway] [           main] .s.d.r.c.RepositoryConfigurationDelegate : Bootstrapping Spring Data JPA repositories in DEFAULT mode.
2025-03-02T15:26:09.243-05:00  INFO 69781 --- [flyway] [           main] .s.d.r.c.RepositoryConfigurationDelegate : Finished Spring Data repository scanning in 3 ms. Found 0 JPA repository interfaces.
2025-03-02T15:26:09.455-05:00  INFO 69781 --- [flyway] [           main] com.zaxxer.hikari.HikariDataSource       : HikariPool-1 - Starting...
2025-03-02T15:26:09.565-05:00  INFO 69781 --- [flyway] [           main] com.zaxxer.hikari.pool.HikariPool        : HikariPool-1 - Added connection org.postgresql.jdbc.PgConnection@1f66d8e1
2025-03-02T15:26:09.565-05:00  INFO 69781 --- [flyway] [           main] com.zaxxer.hikari.HikariDataSource       : HikariPool-1 - Start completed.
2025-03-02T15:26:09.576-05:00  INFO 69781 --- [flyway] [           main] o.f.c.i.resource.ResourceNameValidator   : 1 SQL migrations were detected but not run because they did not follow the filename convention.
2025-03-02T15:26:09.577-05:00  INFO 69781 --- [flyway] [           main] o.f.c.i.resource.ResourceNameValidator   : Set 'validateMigrationNaming' to true to fail fast and see a list of the invalid file names.
2025-03-02T15:26:09.579-05:00  INFO 69781 --- [flyway] [           main] org.flywaydb.core.FlywayExecutor         : Database: jdbc:postgresql://localhost:5432/workflow (PostgreSQL 17.4)
2025-03-02T15:26:09.603-05:00  INFO 69781 --- [flyway] [           main] o.f.c.i.s.JdbcTableSchemaHistory         : Creating Schema History table "cads"."flyway_schema_history" with baseline ...
2025-03-02T15:26:09.623-05:00  INFO 69781 --- [flyway] [           main] o.f.core.internal.command.DbBaseline     : Successfully baselined schema with version: 1
2025-03-02T15:26:09.656-05:00  INFO 69781 --- [flyway] [           main] o.f.core.internal.command.DbMigrate      : Current version of schema "cads": 1
2025-03-02T15:26:09.658-05:00  INFO 69781 --- [flyway] [           main] o.f.core.internal.command.DbMigrate      : Schema "cads" is up to date. No migration necessary.
2025-03-02T15:26:09.702-05:00  INFO 69781 --- [flyway] [           main] o.hibernate.jpa.internal.util.LogHelper  : HHH000204: Processing PersistenceUnitInfo [name: default]
2025-03-02T15:26:09.725-05:00  INFO 69781 --- [flyway] [           main] org.hibernate.Version                    : HHH000412: Hibernate ORM core version 6.6.8.Final
2025-03-02T15:26:09.743-05:00  INFO 69781 --- [flyway] [           main] o.h.c.internal.RegionFactoryInitiator    : HHH000026: Second-level cache disabled
2025-03-02T15:26:09.863-05:00  INFO 69781 --- [flyway] [           main] o.s.o.j.p.SpringPersistenceUnitInfo      : No LoadTimeWeaver setup: ignoring JPA class transformer
2025-03-02T15:26:09.898-05:00  INFO 69781 --- [flyway] [           main] org.hibernate.orm.connections.pooling    : HHH10001005: Database info:
	Database JDBC URL [Connecting through datasource 'HikariDataSource (HikariPool-1)']
	Database driver: undefined/unknown
	Database version: 17.4
	Autocommit mode: undefined/unknown
	Isolation level: undefined/unknown
	Minimum pool size: undefined/unknown
	Maximum pool size: undefined/unknown
2025-03-02T15:26:10.024-05:00  INFO 69781 --- [flyway] [           main] o.h.e.t.j.p.i.JtaPlatformInitiator       : HHH000489: No JTA platform available (set 'hibernate.transaction.jta.platform' to enable JTA platform integration)
2025-03-02T15:26:10.026-05:00  INFO 69781 --- [flyway] [           main] j.LocalContainerEntityManagerFactoryBean : Initialized JPA EntityManagerFactory for persistence unit 'default'
2025-03-02T15:26:10.085-05:00  INFO 69781 --- [flyway] [           main] c.devarun.flyway.FlywayApplicationTests  : Started FlywayApplicationTests in 1.105 seconds (process running for 1.458)
]]></system-out>
    <system-err><![CDATA[Mockito is currently self-attaching to enable the inline-mock-maker. This will no longer work in future releases of the JDK. Please add Mockito as an agent to your build what is described in Mockito's documentation: https://javadoc.io/doc/org.mockito/mockito-core/latest/org/mockito/Mockito.html#0.3
WARNING: A Java agent has been loaded dynamically (/Users/arunvaidhyanathan/.m2/repository/net/bytebuddy/byte-buddy-agent/1.15.11/byte-buddy-agent-1.15.11.jar)
WARNING: If a serviceability tool is in use, please run with -XX:+EnableDynamicAgentLoading to hide this warning
WARNING: If a serviceability tool is not in use, please run with -Djdk.instrument.traceUsage for more information
WARNING: Dynamic loading of agents will be disallowed by default in a future release
]]></system-err>
  </testcase>
</testsuite>